c:\users\efrai\desktop\estructuras de datos\proyectos\proyecto1[edd]\proyecto1[edd]\debug\vc142.pdb
c:\users\efrai\desktop\estructuras de datos\proyectos\proyecto1[edd]\proyecto1[edd]\debug\vc142.idb
c:\users\efrai\desktop\estructuras de datos\proyectos\proyecto1[edd]\proyecto1[edd]\debug\proyecto1[edd].obj
c:\users\efrai\desktop\estructuras de datos\proyectos\proyecto1[edd]\proyecto1[edd]\debug\lista.obj
c:\users\efrai\desktop\estructuras de datos\proyectos\proyecto1[edd]\proyecto1[edd]\debug\nodo.obj
c:\users\efrai\desktop\estructuras de datos\proyectos\proyecto1[edd]\proyecto1[edd]\debug\user.obj
c:\users\efrai\desktop\estructuras de datos\proyectos\proyecto1[edd]\proyecto1[edd]\debug\matrixnode.obj
c:\users\efrai\desktop\estructuras de datos\proyectos\proyecto1[edd]\proyecto1[edd]\debug\matrix.obj
c:\users\efrai\desktop\estructuras de datos\proyectos\proyecto1[edd]\proyecto1[edd]\debug\headernode.obj
c:\users\efrai\desktop\estructuras de datos\proyectos\proyecto1[edd]\proyecto1[edd]\debug\assets.obj
c:\users\efrai\desktop\estructuras de datos\proyectos\proyecto1[edd]\proyecto1[edd]\debug\list.obj
c:\users\efrai\desktop\estructuras de datos\proyectos\proyecto1[edd]\proyecto1[edd]\debug\treenode.obj
c:\users\efrai\desktop\estructuras de datos\proyectos\proyecto1[edd]\proyecto1[edd]\debug\avl_tree.obj
c:\users\efrai\desktop\estructuras de datos\proyectos\proyecto1[edd]\debug\proyecto1[edd].exe
c:\users\efrai\desktop\estructuras de datos\proyectos\proyecto1[edd]\debug\proyecto1[edd].ilk
c:\users\efrai\desktop\estructuras de datos\proyectos\proyecto1[edd]\debug\proyecto1[edd].pdb
c:\users\efrai\desktop\estructuras de datos\proyectos\proyecto1[edd]\proyecto1[edd]\debug\avl_tree.obj.enc
c:\users\efrai\desktop\estructuras de datos\proyectos\proyecto1[edd]\proyecto1[edd]\debug\matrix.obj.enc
c:\users\efrai\desktop\estructuras de datos\proyectos\proyecto1[edd]\proyecto1[edd]\debug\proyecto1[edd].obj.enc
c:\users\efrai\desktop\estructuras de datos\proyectos\proyecto1[edd]\proyecto1[edd]\debug\proyecto1[edd].tlog\cl.command.1.tlog
c:\users\efrai\desktop\estructuras de datos\proyectos\proyecto1[edd]\proyecto1[edd]\debug\proyecto1[edd].tlog\cl.read.1.tlog
c:\users\efrai\desktop\estructuras de datos\proyectos\proyecto1[edd]\proyecto1[edd]\debug\proyecto1[edd].tlog\cl.write.1.tlog
c:\users\efrai\desktop\estructuras de datos\proyectos\proyecto1[edd]\proyecto1[edd]\debug\proyecto1[edd].tlog\link.command.1.tlog
c:\users\efrai\desktop\estructuras de datos\proyectos\proyecto1[edd]\proyecto1[edd]\debug\proyecto1[edd].tlog\link.read.1.tlog
c:\users\efrai\desktop\estructuras de datos\proyectos\proyecto1[edd]\proyecto1[edd]\debug\proyecto1[edd].tlog\link.write.1.tlog
